  SDL_timer.cpp
  commonobject.cpp
  keyboardcontroller.cpp
  gameworld.cpp
D:\workspace\SDLproject\Demo_Game\SDL_Game\SDL_Game\GameWorld\gameworld.cpp(58,20): warning C4473: 'printf' : not enough arguments passed for format string
D:\workspace\SDLproject\Demo_Game\SDL_Game\SDL_Game\GameWorld\gameworld.cpp(58,20): message : placeholders and their parameters expect 1 variadic arguments, but 0 were provided
D:\workspace\SDLproject\Demo_Game\SDL_Game\SDL_Game\GameWorld\gameworld.cpp(58,20): message : the missing variadic argument 1 is required by format string '%s'
D:\workspace\SDLproject\Demo_Game\SDL_Game\SDL_Game\GameWorld\gameworld.cpp(88,20): warning C4473: 'printf' : not enough arguments passed for format string
D:\workspace\SDLproject\Demo_Game\SDL_Game\SDL_Game\GameWorld\gameworld.cpp(88,20): message : placeholders and their parameters expect 1 variadic arguments, but 0 were provided
D:\workspace\SDLproject\Demo_Game\SDL_Game\SDL_Game\GameWorld\gameworld.cpp(88,20): message : the missing variadic argument 1 is required by format string '%s'
D:\workspace\SDLproject\Demo_Game\SDL_Game\SDL_Game\GameWorld\gameworld.cpp(93,16): warning C4473: 'printf' : not enough arguments passed for format string
D:\workspace\SDLproject\Demo_Game\SDL_Game\SDL_Game\GameWorld\gameworld.cpp(93,16): message : placeholders and their parameters expect 1 variadic arguments, but 0 were provided
D:\workspace\SDLproject\Demo_Game\SDL_Game\SDL_Game\GameWorld\gameworld.cpp(93,16): message : the missing variadic argument 1 is required by format string '%s'
D:\workspace\SDLproject\Demo_Game\SDL_Game\SDL_Game\GameWorld\gameworld.cpp(160,23): warning C4018: '<': signed/unsigned mismatch
D:\workspace\SDLproject\Demo_Game\SDL_Game\SDL_Game\GameWorld\gameworld.cpp(169,23): warning C4018: '<': signed/unsigned mismatch
  ArcherSkeleton.cpp
  samurai.cpp
  main.cpp
  archerskeletonidlestate.cpp
  archerskeletonnormalattackstate.cpp
  archerskeletonspecialattackstate.cpp
  archerskeletonwalkstate.cpp
  basestate.cpp
  gameobjectpool.cpp
  samuraidefendstate.cpp
  samuraiidlestate.cpp
  samurainormalattackstate.cpp
  samuraispecialattackstate.cpp
  samuraistrongattackstate.cpp
  samuraiwalkstate.cpp
  statemachine.cpp
  Generating Code...
  SDL_Game.vcxproj -> D:\workspace\SDLproject\Demo_Game\SDL_Game\Debug\SDL_Game.exe
